mode: atomic
github.com/gobeyondidentity/google-workspace-provisioner/cmd/main.go:41.54,43.3 1 0
github.com/gobeyondidentity/google-workspace-provisioner/cmd/main.go:51.54,53.3 1 0
github.com/gobeyondidentity/google-workspace-provisioner/cmd/main.go:63.54,65.3 1 0
github.com/gobeyondidentity/google-workspace-provisioner/cmd/main.go:80.54,82.3 1 0
github.com/gobeyondidentity/google-workspace-provisioner/cmd/main.go:90.54,92.3 1 0
github.com/gobeyondidentity/google-workspace-provisioner/cmd/main.go:100.54,102.3 1 0
github.com/gobeyondidentity/google-workspace-provisioner/cmd/main.go:110.47,113.3 2 0
github.com/gobeyondidentity/google-workspace-provisioner/cmd/main.go:116.13,133.2 10 0
github.com/gobeyondidentity/google-workspace-provisioner/cmd/main.go:136.19,139.19 2 0
github.com/gobeyondidentity/google-workspace-provisioner/cmd/main.go:139.19,142.3 1 0
github.com/gobeyondidentity/google-workspace-provisioner/cmd/main.go:142.8,145.17 2 0
github.com/gobeyondidentity/google-workspace-provisioner/cmd/main.go:145.17,148.4 1 0
github.com/gobeyondidentity/google-workspace-provisioner/cmd/main.go:149.3,149.34 1 0
github.com/gobeyondidentity/google-workspace-provisioner/cmd/main.go:152.2,152.16 1 0
github.com/gobeyondidentity/google-workspace-provisioner/cmd/main.go:152.16,155.3 2 0
github.com/gobeyondidentity/google-workspace-provisioner/cmd/main.go:158.2,158.19 1 0
github.com/gobeyondidentity/google-workspace-provisioner/cmd/main.go:162.22,163.16 1 0
github.com/gobeyondidentity/google-workspace-provisioner/cmd/main.go:163.16,165.3 1 0
github.com/gobeyondidentity/google-workspace-provisioner/cmd/main.go:168.2,168.39 1 0
github.com/gobeyondidentity/google-workspace-provisioner/cmd/main.go:168.39,170.3 1 0
github.com/gobeyondidentity/google-workspace-provisioner/cmd/main.go:173.2,185.16 5 0
github.com/gobeyondidentity/google-workspace-provisioner/cmd/main.go:185.16,188.3 2 0
github.com/gobeyondidentity/google-workspace-provisioner/cmd/main.go:191.2,198.16 4 0
github.com/gobeyondidentity/google-workspace-provisioner/cmd/main.go:198.16,201.3 2 0
github.com/gobeyondidentity/google-workspace-provisioner/cmd/main.go:204.2,204.28 1 0
github.com/gobeyondidentity/google-workspace-provisioner/cmd/main.go:204.28,206.41 2 0
github.com/gobeyondidentity/google-workspace-provisioner/cmd/main.go:206.41,208.4 1 0
github.com/gobeyondidentity/google-workspace-provisioner/cmd/main.go:209.8,211.3 1 0
github.com/gobeyondidentity/google-workspace-provisioner/cmd/main.go:213.2,213.12 1 0
github.com/gobeyondidentity/google-workspace-provisioner/cmd/main.go:217.29,219.16 1 0
github.com/gobeyondidentity/google-workspace-provisioner/cmd/main.go:219.16,221.20 2 0
github.com/gobeyondidentity/google-workspace-provisioner/cmd/main.go:221.20,223.4 1 0
github.com/gobeyondidentity/google-workspace-provisioner/cmd/main.go:223.9,225.18 2 0
github.com/gobeyondidentity/google-workspace-provisioner/cmd/main.go:225.18,227.5 1 0
github.com/gobeyondidentity/google-workspace-provisioner/cmd/main.go:228.4,228.35 1 0
github.com/gobeyondidentity/google-workspace-provisioner/cmd/main.go:231.3,231.17 1 0
github.com/gobeyondidentity/google-workspace-provisioner/cmd/main.go:231.17,233.4 1 0
github.com/gobeyondidentity/google-workspace-provisioner/cmd/main.go:235.3,235.20 1 0
github.com/gobeyondidentity/google-workspace-provisioner/cmd/main.go:239.2,239.39 1 0
github.com/gobeyondidentity/google-workspace-provisioner/cmd/main.go:239.39,242.3 2 0
github.com/gobeyondidentity/google-workspace-provisioner/cmd/main.go:244.2,250.12 6 0
github.com/gobeyondidentity/google-workspace-provisioner/cmd/main.go:254.24,255.16 1 0
github.com/gobeyondidentity/google-workspace-provisioner/cmd/main.go:255.16,257.3 1 0
github.com/gobeyondidentity/google-workspace-provisioner/cmd/main.go:260.2,260.39 1 0
github.com/gobeyondidentity/google-workspace-provisioner/cmd/main.go:260.39,262.3 1 0
github.com/gobeyondidentity/google-workspace-provisioner/cmd/main.go:265.2,269.32 3 0
github.com/gobeyondidentity/google-workspace-provisioner/cmd/main.go:269.32,271.3 1 0
github.com/gobeyondidentity/google-workspace-provisioner/cmd/main.go:271.8,273.3 1 0
github.com/gobeyondidentity/google-workspace-provisioner/cmd/main.go:276.2,277.16 2 0
github.com/gobeyondidentity/google-workspace-provisioner/cmd/main.go:277.16,280.3 2 0
github.com/gobeyondidentity/google-workspace-provisioner/cmd/main.go:282.2,282.20 1 0
github.com/gobeyondidentity/google-workspace-provisioner/cmd/main.go:286.29,289.2 2 0
github.com/gobeyondidentity/google-workspace-provisioner/cmd/main.go:292.33,294.16 1 0
github.com/gobeyondidentity/google-workspace-provisioner/cmd/main.go:294.16,296.20 2 0
github.com/gobeyondidentity/google-workspace-provisioner/cmd/main.go:296.20,298.4 1 0
github.com/gobeyondidentity/google-workspace-provisioner/cmd/main.go:298.9,300.18 2 0
github.com/gobeyondidentity/google-workspace-provisioner/cmd/main.go:300.18,302.5 1 0
github.com/gobeyondidentity/google-workspace-provisioner/cmd/main.go:303.4,303.35 1 0
github.com/gobeyondidentity/google-workspace-provisioner/cmd/main.go:306.3,306.17 1 0
github.com/gobeyondidentity/google-workspace-provisioner/cmd/main.go:306.17,308.4 1 0
github.com/gobeyondidentity/google-workspace-provisioner/cmd/main.go:310.3,310.20 1 0
github.com/gobeyondidentity/google-workspace-provisioner/cmd/main.go:313.2,315.16 3 0
github.com/gobeyondidentity/google-workspace-provisioner/cmd/main.go:315.16,317.3 1 0
github.com/gobeyondidentity/google-workspace-provisioner/cmd/main.go:320.2,320.37 1 0
github.com/gobeyondidentity/google-workspace-provisioner/cmd/main.go:320.37,322.3 1 0
github.com/gobeyondidentity/google-workspace-provisioner/cmd/main.go:324.2,324.12 1 0
github.com/gobeyondidentity/google-workspace-provisioner/cmd/main.go:328.32,330.22 2 0
github.com/gobeyondidentity/google-workspace-provisioner/cmd/main.go:330.22,332.3 1 0
github.com/gobeyondidentity/google-workspace-provisioner/cmd/main.go:334.2,335.47 2 0
github.com/gobeyondidentity/google-workspace-provisioner/cmd/main.go:338.13,339.42 1 0
github.com/gobeyondidentity/google-workspace-provisioner/cmd/main.go:339.42,342.3 2 0
github.com/gobeyondidentity/google-workspace-provisioner/internal/logger/logger.go:15.81,21.21 4 0
github.com/gobeyondidentity/google-workspace-provisioner/internal/logger/logger.go:22.25,23.18 1 0
github.com/gobeyondidentity/google-workspace-provisioner/internal/logger/logger.go:24.24,25.17 1 0
github.com/gobeyondidentity/google-workspace-provisioner/internal/logger/logger.go:26.24,27.20 1 0
github.com/gobeyondidentity/google-workspace-provisioner/internal/logger/logger.go:28.25,29.18 1 0
github.com/gobeyondidentity/google-workspace-provisioner/internal/logger/logger.go:30.25,31.21 1 0
github.com/gobeyondidentity/google-workspace-provisioner/internal/logger/logger.go:32.25,33.21 1 0
github.com/gobeyondidentity/google-workspace-provisioner/internal/logger/logger.go:36.2,37.31 2 0
github.com/gobeyondidentity/google-workspace-provisioner/internal/logger/logger.go:41.59,46.16 3 0
github.com/gobeyondidentity/google-workspace-provisioner/internal/logger/logger.go:46.16,48.3 1 0
github.com/gobeyondidentity/google-workspace-provisioner/internal/logger/logger.go:49.2,60.14 5 0
github.com/gobeyondidentity/google-workspace-provisioner/internal/logger/logger.go:60.14,62.3 1 0
github.com/gobeyondidentity/google-workspace-provisioner/internal/logger/logger.go:64.2,64.15 1 0
github.com/gobeyondidentity/google-workspace-provisioner/internal/logger/logger.go:68.79,69.22 1 0
github.com/gobeyondidentity/google-workspace-provisioner/internal/logger/logger.go:69.22,71.3 1 0
github.com/gobeyondidentity/google-workspace-provisioner/internal/logger/logger.go:71.8,73.3 1 0
github.com/gobeyondidentity/google-workspace-provisioner/internal/logger/logger.go:75.2,75.55 1 0
github.com/gobeyondidentity/google-workspace-provisioner/internal/logger/logger.go:79.41,80.22 1 0
github.com/gobeyondidentity/google-workspace-provisioner/internal/logger/logger.go:80.22,82.3 1 0
github.com/gobeyondidentity/google-workspace-provisioner/internal/logger/logger.go:83.2,83.22 1 0
github.com/gobeyondidentity/google-workspace-provisioner/internal/logger/logger.go:83.22,85.3 1 0
github.com/gobeyondidentity/google-workspace-provisioner/internal/logger/logger.go:86.2,86.22 1 0
github.com/gobeyondidentity/google-workspace-provisioner/internal/logger/logger.go:86.22,88.3 1 0
github.com/gobeyondidentity/google-workspace-provisioner/internal/logger/logger.go:90.2,91.31 2 0
github.com/gobeyondidentity/google-workspace-provisioner/internal/logger/logger.go:91.31,92.25 1 0
github.com/gobeyondidentity/google-workspace-provisioner/internal/logger/logger.go:92.25,94.4 1 0
github.com/gobeyondidentity/google-workspace-provisioner/internal/logger/logger.go:94.9,94.20 1 0
github.com/gobeyondidentity/google-workspace-provisioner/internal/logger/logger.go:94.20,96.4 1 0
github.com/gobeyondidentity/google-workspace-provisioner/internal/logger/logger.go:96.9,98.4 1 0
github.com/gobeyondidentity/google-workspace-provisioner/internal/logger/logger.go:100.2,100.15 1 0
github.com/gobeyondidentity/google-workspace-provisioner/internal/bi/client.go:80.36,82.2 1 0
github.com/gobeyondidentity/google-workspace-provisioner/internal/bi/client.go:85.54,93.2 1 0
github.com/gobeyondidentity/google-workspace-provisioner/internal/bi/client.go:96.92,98.17 2 0
github.com/gobeyondidentity/google-workspace-provisioner/internal/bi/client.go:98.17,100.17 2 0
github.com/gobeyondidentity/google-workspace-provisioner/internal/bi/client.go:100.17,102.4 1 0
github.com/gobeyondidentity/google-workspace-provisioner/internal/bi/client.go:103.3,103.38 1 0
github.com/gobeyondidentity/google-workspace-provisioner/internal/bi/client.go:106.2,107.16 2 0
github.com/gobeyondidentity/google-workspace-provisioner/internal/bi/client.go:107.16,109.3 1 0
github.com/gobeyondidentity/google-workspace-provisioner/internal/bi/client.go:111.2,116.16 5 0
github.com/gobeyondidentity/google-workspace-provisioner/internal/bi/client.go:116.16,118.3 1 0
github.com/gobeyondidentity/google-workspace-provisioner/internal/bi/client.go:121.2,121.28 1 0
github.com/gobeyondidentity/google-workspace-provisioner/internal/bi/client.go:121.28,126.61 4 0
github.com/gobeyondidentity/google-workspace-provisioner/internal/bi/client.go:126.61,128.4 1 0
github.com/gobeyondidentity/google-workspace-provisioner/internal/bi/client.go:130.3,130.77 1 0
github.com/gobeyondidentity/google-workspace-provisioner/internal/bi/client.go:133.2,133.18 1 0
github.com/gobeyondidentity/google-workspace-provisioner/internal/bi/client.go:137.56,142.16 4 0
github.com/gobeyondidentity/google-workspace-provisioner/internal/bi/client.go:142.16,144.3 1 0
github.com/gobeyondidentity/google-workspace-provisioner/internal/bi/client.go:145.2,148.72 3 0
github.com/gobeyondidentity/google-workspace-provisioner/internal/bi/client.go:148.72,150.3 1 0
github.com/gobeyondidentity/google-workspace-provisioner/internal/bi/client.go:152.2,152.26 1 0
github.com/gobeyondidentity/google-workspace-provisioner/internal/bi/client.go:156.71,160.16 3 0
github.com/gobeyondidentity/google-workspace-provisioner/internal/bi/client.go:160.16,162.3 1 0
github.com/gobeyondidentity/google-workspace-provisioner/internal/bi/client.go:163.2,166.72 3 0
github.com/gobeyondidentity/google-workspace-provisioner/internal/bi/client.go:166.72,168.3 1 0
github.com/gobeyondidentity/google-workspace-provisioner/internal/bi/client.go:170.2,170.26 1 0
github.com/gobeyondidentity/google-workspace-provisioner/internal/bi/client.go:174.56,176.16 2 0
github.com/gobeyondidentity/google-workspace-provisioner/internal/bi/client.go:176.16,178.3 1 0
github.com/gobeyondidentity/google-workspace-provisioner/internal/bi/client.go:179.2,182.65 3 0
github.com/gobeyondidentity/google-workspace-provisioner/internal/bi/client.go:182.65,184.3 1 0
github.com/gobeyondidentity/google-workspace-provisioner/internal/bi/client.go:186.2,186.19 1 0
github.com/gobeyondidentity/google-workspace-provisioner/internal/bi/client.go:190.63,195.16 4 0
github.com/gobeyondidentity/google-workspace-provisioner/internal/bi/client.go:195.16,197.3 1 0
github.com/gobeyondidentity/google-workspace-provisioner/internal/bi/client.go:198.2,205.73 3 0
github.com/gobeyondidentity/google-workspace-provisioner/internal/bi/client.go:205.73,207.3 1 0
github.com/gobeyondidentity/google-workspace-provisioner/internal/bi/client.go:209.2,209.36 1 0
github.com/gobeyondidentity/google-workspace-provisioner/internal/bi/client.go:209.36,211.3 1 0
github.com/gobeyondidentity/google-workspace-provisioner/internal/bi/client.go:213.2,213.40 1 0
github.com/gobeyondidentity/google-workspace-provisioner/internal/bi/client.go:217.60,221.16 3 0
github.com/gobeyondidentity/google-workspace-provisioner/internal/bi/client.go:221.16,223.3 1 0
github.com/gobeyondidentity/google-workspace-provisioner/internal/bi/client.go:224.2,227.73 3 0
github.com/gobeyondidentity/google-workspace-provisioner/internal/bi/client.go:227.73,229.3 1 0
github.com/gobeyondidentity/google-workspace-provisioner/internal/bi/client.go:231.2,231.27 1 0
github.com/gobeyondidentity/google-workspace-provisioner/internal/bi/client.go:235.77,240.16 4 0
github.com/gobeyondidentity/google-workspace-provisioner/internal/bi/client.go:240.16,242.3 1 0
github.com/gobeyondidentity/google-workspace-provisioner/internal/bi/client.go:243.2,250.73 3 0
github.com/gobeyondidentity/google-workspace-provisioner/internal/bi/client.go:250.73,252.3 1 0
github.com/gobeyondidentity/google-workspace-provisioner/internal/bi/client.go:254.2,254.36 1 0
github.com/gobeyondidentity/google-workspace-provisioner/internal/bi/client.go:254.36,256.3 1 0
github.com/gobeyondidentity/google-workspace-provisioner/internal/bi/client.go:258.2,258.40 1 0
github.com/gobeyondidentity/google-workspace-provisioner/internal/bi/client.go:262.100,266.39 2 0
github.com/gobeyondidentity/google-workspace-provisioner/internal/bi/client.go:266.39,271.3 1 0
github.com/gobeyondidentity/google-workspace-provisioner/internal/bi/client.go:274.2,274.36 1 0
github.com/gobeyondidentity/google-workspace-provisioner/internal/bi/client.go:274.36,280.3 1 0
github.com/gobeyondidentity/google-workspace-provisioner/internal/bi/client.go:282.2,282.26 1 0
github.com/gobeyondidentity/google-workspace-provisioner/internal/bi/client.go:282.26,284.3 1 0
github.com/gobeyondidentity/google-workspace-provisioner/internal/bi/client.go:286.2,292.16 3 0
github.com/gobeyondidentity/google-workspace-provisioner/internal/bi/client.go:292.16,294.3 1 0
github.com/gobeyondidentity/google-workspace-provisioner/internal/bi/client.go:295.2,297.12 2 0
github.com/gobeyondidentity/google-workspace-provisioner/internal/gws/client.go:57.88,62.16 3 0
github.com/gobeyondidentity/google-workspace-provisioner/internal/gws/client.go:62.16,64.3 1 0
github.com/gobeyondidentity/google-workspace-provisioner/internal/gws/client.go:67.2,70.64 2 0
github.com/gobeyondidentity/google-workspace-provisioner/internal/gws/client.go:70.64,72.3 1 0
github.com/gobeyondidentity/google-workspace-provisioner/internal/gws/client.go:75.2,81.16 2 0
github.com/gobeyondidentity/google-workspace-provisioner/internal/gws/client.go:81.16,83.3 1 0
github.com/gobeyondidentity/google-workspace-provisioner/internal/gws/client.go:86.2,93.16 4 0
github.com/gobeyondidentity/google-workspace-provisioner/internal/gws/client.go:93.16,95.3 1 0
github.com/gobeyondidentity/google-workspace-provisioner/internal/gws/client.go:97.2,101.8 1 0
github.com/gobeyondidentity/google-workspace-provisioner/internal/gws/client.go:105.46,109.6 3 0
github.com/gobeyondidentity/google-workspace-provisioner/internal/gws/client.go:109.6,111.22 2 0
github.com/gobeyondidentity/google-workspace-provisioner/internal/gws/client.go:111.22,113.4 1 0
github.com/gobeyondidentity/google-workspace-provisioner/internal/gws/client.go:115.3,116.17 2 0
github.com/gobeyondidentity/google-workspace-provisioner/internal/gws/client.go:116.17,118.4 1 0
github.com/gobeyondidentity/google-workspace-provisioner/internal/gws/client.go:120.3,120.35 1 0
github.com/gobeyondidentity/google-workspace-provisioner/internal/gws/client.go:120.35,132.4 1 0
github.com/gobeyondidentity/google-workspace-provisioner/internal/gws/client.go:134.3,134.31 1 0
github.com/gobeyondidentity/google-workspace-provisioner/internal/gws/client.go:134.31,135.9 1 0
github.com/gobeyondidentity/google-workspace-provisioner/internal/gws/client.go:137.3,137.33 1 0
github.com/gobeyondidentity/google-workspace-provisioner/internal/gws/client.go:140.2,140.22 1 0
github.com/gobeyondidentity/google-workspace-provisioner/internal/gws/client.go:144.62,146.16 2 0
github.com/gobeyondidentity/google-workspace-provisioner/internal/gws/client.go:146.16,148.3 1 0
github.com/gobeyondidentity/google-workspace-provisioner/internal/gws/client.go:150.2,155.8 1 0
github.com/gobeyondidentity/google-workspace-provisioner/internal/gws/client.go:159.77,163.6 3 0
github.com/gobeyondidentity/google-workspace-provisioner/internal/gws/client.go:163.6,165.22 2 0
github.com/gobeyondidentity/google-workspace-provisioner/internal/gws/client.go:165.22,167.4 1 0
github.com/gobeyondidentity/google-workspace-provisioner/internal/gws/client.go:169.3,170.17 2 0
github.com/gobeyondidentity/google-workspace-provisioner/internal/gws/client.go:170.17,172.28 1 0
github.com/gobeyondidentity/google-workspace-provisioner/internal/gws/client.go:172.28,174.5 1 0
github.com/gobeyondidentity/google-workspace-provisioner/internal/gws/client.go:175.4,175.86 1 0
github.com/gobeyondidentity/google-workspace-provisioner/internal/gws/client.go:178.3,178.39 1 0
github.com/gobeyondidentity/google-workspace-provisioner/internal/gws/client.go:178.39,186.4 1 0
github.com/gobeyondidentity/google-workspace-provisioner/internal/gws/client.go:188.3,188.31 1 0
github.com/gobeyondidentity/google-workspace-provisioner/internal/gws/client.go:188.31,189.9 1 0
github.com/gobeyondidentity/google-workspace-provisioner/internal/gws/client.go:191.3,191.33 1 0
github.com/gobeyondidentity/google-workspace-provisioner/internal/gws/client.go:194.2,194.24 1 0
github.com/gobeyondidentity/google-workspace-provisioner/internal/gws/client.go:198.38,199.49 1 0
github.com/gobeyondidentity/google-workspace-provisioner/internal/gws/client.go:199.49,201.3 1 0
github.com/gobeyondidentity/google-workspace-provisioner/internal/gws/client.go:202.2,202.14 1 0
github.com/gobeyondidentity/google-workspace-provisioner/internal/config/config.go:56.47,59.16 2 3
github.com/gobeyondidentity/google-workspace-provisioner/internal/config/config.go:59.16,61.3 1 0
github.com/gobeyondidentity/google-workspace-provisioner/internal/config/config.go:64.2,68.68 3 3
github.com/gobeyondidentity/google-workspace-provisioner/internal/config/config.go:68.68,70.3 1 1
github.com/gobeyondidentity/google-workspace-provisioner/internal/config/config.go:72.2,72.21 1 2
github.com/gobeyondidentity/google-workspace-provisioner/internal/config/config.go:76.39,84.37 2 3
github.com/gobeyondidentity/google-workspace-provisioner/internal/config/config.go:84.37,86.40 1 7
github.com/gobeyondidentity/google-workspace-provisioner/internal/config/config.go:86.40,88.18 2 2
github.com/gobeyondidentity/google-workspace-provisioner/internal/config/config.go:88.18,89.13 1 0
github.com/gobeyondidentity/google-workspace-provisioner/internal/config/config.go:91.4,91.57 1 2
github.com/gobeyondidentity/google-workspace-provisioner/internal/config/config.go:94.3,94.46 1 7
github.com/gobeyondidentity/google-workspace-provisioner/internal/config/config.go:94.46,96.4 1 2
github.com/gobeyondidentity/google-workspace-provisioner/internal/config/config.go:99.2,99.95 1 1
github.com/gobeyondidentity/google-workspace-provisioner/internal/config/config.go:103.32,104.26 1 2
github.com/gobeyondidentity/google-workspace-provisioner/internal/config/config.go:104.26,106.3 1 1
github.com/gobeyondidentity/google-workspace-provisioner/internal/config/config.go:108.2,108.40 1 2
github.com/gobeyondidentity/google-workspace-provisioner/internal/config/config.go:108.40,110.3 1 1
github.com/gobeyondidentity/google-workspace-provisioner/internal/config/config.go:112.2,112.41 1 2
github.com/gobeyondidentity/google-workspace-provisioner/internal/config/config.go:112.41,114.3 1 2
github.com/gobeyondidentity/google-workspace-provisioner/internal/config/config.go:116.2,116.40 1 2
github.com/gobeyondidentity/google-workspace-provisioner/internal/config/config.go:116.40,118.3 1 2
github.com/gobeyondidentity/google-workspace-provisioner/internal/config/config.go:120.2,120.31 1 2
github.com/gobeyondidentity/google-workspace-provisioner/internal/config/config.go:120.31,122.3 1 2
github.com/gobeyondidentity/google-workspace-provisioner/internal/config/config.go:124.2,124.35 1 2
github.com/gobeyondidentity/google-workspace-provisioner/internal/config/config.go:124.35,126.3 1 2
github.com/gobeyondidentity/google-workspace-provisioner/internal/config/config.go:128.2,128.24 1 2
github.com/gobeyondidentity/google-workspace-provisioner/internal/config/config.go:128.24,130.3 1 1
github.com/gobeyondidentity/google-workspace-provisioner/internal/config/config.go:132.2,132.29 1 2
github.com/gobeyondidentity/google-workspace-provisioner/internal/config/config.go:132.29,134.3 1 2
github.com/gobeyondidentity/google-workspace-provisioner/internal/config/config.go:136.2,136.35 1 2
github.com/gobeyondidentity/google-workspace-provisioner/internal/config/config.go:136.35,138.3 1 0
github.com/gobeyondidentity/google-workspace-provisioner/internal/config/save.go:11.43,81.2 2 0
github.com/gobeyondidentity/google-workspace-provisioner/internal/config/save.go:84.43,85.22 1 0
github.com/gobeyondidentity/google-workspace-provisioner/internal/config/save.go:85.22,87.3 1 0
github.com/gobeyondidentity/google-workspace-provisioner/internal/config/save.go:89.2,90.31 2 0
github.com/gobeyondidentity/google-workspace-provisioner/internal/config/save.go:90.31,92.3 1 0
github.com/gobeyondidentity/google-workspace-provisioner/internal/config/save.go:93.2,93.15 1 0
github.com/gobeyondidentity/google-workspace-provisioner/internal/config/save.go:97.49,99.16 2 0
github.com/gobeyondidentity/google-workspace-provisioner/internal/config/save.go:99.16,101.3 1 0
github.com/gobeyondidentity/google-workspace-provisioner/internal/config/save.go:104.2,110.50 3 0
github.com/gobeyondidentity/google-workspace-provisioner/internal/config/validation.go:15.41,17.2 1 15
github.com/gobeyondidentity/google-workspace-provisioner/internal/config/validation.go:22.42,24.24 2 4
github.com/gobeyondidentity/google-workspace-provisioner/internal/config/validation.go:24.24,26.3 1 14
github.com/gobeyondidentity/google-workspace-provisioner/internal/config/validation.go:27.2,27.37 1 4
github.com/gobeyondidentity/google-workspace-provisioner/internal/config/validation.go:36.35,38.2 1 4
github.com/gobeyondidentity/google-workspace-provisioner/internal/config/validation.go:41.66,45.26 2 6
github.com/gobeyondidentity/google-workspace-provisioner/internal/config/validation.go:45.26,47.45 2 6
github.com/gobeyondidentity/google-workspace-provisioner/internal/config/validation.go:47.45,52.4 1 1
github.com/gobeyondidentity/google-workspace-provisioner/internal/config/validation.go:56.2,56.36 1 6
github.com/gobeyondidentity/google-workspace-provisioner/internal/config/validation.go:56.36,61.3 1 1
github.com/gobeyondidentity/google-workspace-provisioner/internal/config/validation.go:63.2,63.45 1 6
github.com/gobeyondidentity/google-workspace-provisioner/internal/config/validation.go:63.45,68.3 1 1
github.com/gobeyondidentity/google-workspace-provisioner/internal/config/validation.go:70.2,70.51 1 6
github.com/gobeyondidentity/google-workspace-provisioner/internal/config/validation.go:70.51,75.3 1 1
github.com/gobeyondidentity/google-workspace-provisioner/internal/config/validation.go:75.8,77.85 1 5
github.com/gobeyondidentity/google-workspace-provisioner/internal/config/validation.go:77.85,82.4 1 2
github.com/gobeyondidentity/google-workspace-provisioner/internal/config/validation.go:86.2,86.59 1 6
github.com/gobeyondidentity/google-workspace-provisioner/internal/config/validation.go:86.59,91.3 1 2
github.com/gobeyondidentity/google-workspace-provisioner/internal/config/validation.go:94.2,94.29 1 6
github.com/gobeyondidentity/google-workspace-provisioner/internal/config/validation.go:94.29,99.3 1 1
github.com/gobeyondidentity/google-workspace-provisioner/internal/config/validation.go:102.2,102.38 1 6
github.com/gobeyondidentity/google-workspace-provisioner/internal/config/validation.go:102.38,103.36 1 6
github.com/gobeyondidentity/google-workspace-provisioner/internal/config/validation.go:103.36,108.4 1 1
github.com/gobeyondidentity/google-workspace-provisioner/internal/config/validation.go:111.2,111.30 1 6
github.com/gobeyondidentity/google-workspace-provisioner/internal/config/validation.go:111.30,116.3 1 0
github.com/gobeyondidentity/google-workspace-provisioner/internal/config/validation.go:118.2,118.34 1 6
github.com/gobeyondidentity/google-workspace-provisioner/internal/config/validation.go:118.34,123.3 1 0
github.com/gobeyondidentity/google-workspace-provisioner/internal/config/validation.go:126.2,126.48 1 6
github.com/gobeyondidentity/google-workspace-provisioner/internal/config/validation.go:126.48,131.3 1 3
github.com/gobeyondidentity/google-workspace-provisioner/internal/config/validation.go:134.2,134.57 1 6
github.com/gobeyondidentity/google-workspace-provisioner/internal/config/validation.go:134.57,139.3 1 0
github.com/gobeyondidentity/google-workspace-provisioner/internal/config/validation.go:141.2,141.21 1 6
github.com/gobeyondidentity/google-workspace-provisioner/internal/config/validation.go:141.21,143.3 1 4
github.com/gobeyondidentity/google-workspace-provisioner/internal/config/validation.go:145.2,145.12 1 2
github.com/gobeyondidentity/google-workspace-provisioner/internal/config/validation.go:149.49,150.26 1 6
github.com/gobeyondidentity/google-workspace-provisioner/internal/config/validation.go:150.26,151.16 1 14
github.com/gobeyondidentity/google-workspace-provisioner/internal/config/validation.go:151.16,153.4 1 5
github.com/gobeyondidentity/google-workspace-provisioner/internal/config/validation.go:155.2,155.14 1 1
github.com/gobeyondidentity/google-workspace-provisioner/internal/server/metrics.go:49.28,53.2 1 14
github.com/gobeyondidentity/google-workspace-provisioner/internal/server/metrics.go:56.85,61.29 4 17
github.com/gobeyondidentity/google-workspace-provisioner/internal/server/metrics.go:61.29,63.3 1 14
github.com/gobeyondidentity/google-workspace-provisioner/internal/server/metrics.go:63.8,65.3 1 3
github.com/gobeyondidentity/google-workspace-provisioner/internal/server/metrics.go:67.2,77.22 8 17
github.com/gobeyondidentity/google-workspace-provisioner/internal/server/metrics.go:77.22,80.3 2 17
github.com/gobeyondidentity/google-workspace-provisioner/internal/server/metrics.go:80.8,82.3 1 0
github.com/gobeyondidentity/google-workspace-provisioner/internal/server/metrics.go:84.2,88.29 3 17
github.com/gobeyondidentity/google-workspace-provisioner/internal/server/metrics.go:88.29,90.3 1 14
github.com/gobeyondidentity/google-workspace-provisioner/internal/server/metrics.go:90.8,90.35 1 3
github.com/gobeyondidentity/google-workspace-provisioner/internal/server/metrics.go:90.35,92.3 1 3
github.com/gobeyondidentity/google-workspace-provisioner/internal/server/metrics.go:96.71,106.22 7 0
github.com/gobeyondidentity/google-workspace-provisioner/internal/server/metrics.go:106.22,109.3 2 0
github.com/gobeyondidentity/google-workspace-provisioner/internal/server/metrics.go:109.8,111.3 1 0
github.com/gobeyondidentity/google-workspace-provisioner/internal/server/metrics.go:113.2,114.23 2 0
github.com/gobeyondidentity/google-workspace-provisioner/internal/server/metrics.go:118.44,123.22 4 6
github.com/gobeyondidentity/google-workspace-provisioner/internal/server/metrics.go:123.22,125.3 1 3
github.com/gobeyondidentity/google-workspace-provisioner/internal/server/metrics.go:127.2,128.24 2 6
github.com/gobeyondidentity/google-workspace-provisioner/internal/server/metrics.go:128.24,130.3 1 1
github.com/gobeyondidentity/google-workspace-provisioner/internal/server/metrics.go:132.2,148.3 1 6
github.com/gobeyondidentity/google-workspace-provisioner/internal/server/metrics.go:152.27,170.2 16 0
github.com/gobeyondidentity/google-workspace-provisioner/internal/server/scheduler.go:27.119,38.2 2 0
github.com/gobeyondidentity/google-workspace-provisioner/internal/server/scheduler.go:41.35,45.15 3 0
github.com/gobeyondidentity/google-workspace-provisioner/internal/server/scheduler.go:45.15,47.3 1 0
github.com/gobeyondidentity/google-workspace-provisioner/internal/server/scheduler.go:50.2,51.16 2 0
github.com/gobeyondidentity/google-workspace-provisioner/internal/server/scheduler.go:51.16,53.3 1 0
github.com/gobeyondidentity/google-workspace-provisioner/internal/server/scheduler.go:56.2,61.22 4 0
github.com/gobeyondidentity/google-workspace-provisioner/internal/server/scheduler.go:61.22,64.3 2 0
github.com/gobeyondidentity/google-workspace-provisioner/internal/server/scheduler.go:66.2,67.23 2 0
github.com/gobeyondidentity/google-workspace-provisioner/internal/server/scheduler.go:67.23,69.3 1 0
github.com/gobeyondidentity/google-workspace-provisioner/internal/server/scheduler.go:71.2,71.12 1 0
github.com/gobeyondidentity/google-workspace-provisioner/internal/server/scheduler.go:75.28,79.16 3 0
github.com/gobeyondidentity/google-workspace-provisioner/internal/server/scheduler.go:79.16,81.3 1 0
github.com/gobeyondidentity/google-workspace-provisioner/internal/server/scheduler.go:84.2,90.36 5 0
github.com/gobeyondidentity/google-workspace-provisioner/internal/server/scheduler.go:94.38,98.2 3 0
github.com/gobeyondidentity/google-workspace-provisioner/internal/server/scheduler.go:101.46,105.2 3 0
github.com/gobeyondidentity/google-workspace-provisioner/internal/server/scheduler.go:108.46,112.16 3 0
github.com/gobeyondidentity/google-workspace-provisioner/internal/server/scheduler.go:112.16,114.3 1 0
github.com/gobeyondidentity/google-workspace-provisioner/internal/server/scheduler.go:117.2,118.22 2 0
github.com/gobeyondidentity/google-workspace-provisioner/internal/server/scheduler.go:118.22,121.3 2 0
github.com/gobeyondidentity/google-workspace-provisioner/internal/server/scheduler.go:123.2,123.19 1 0
github.com/gobeyondidentity/google-workspace-provisioner/internal/server/scheduler.go:127.31,140.22 8 0
github.com/gobeyondidentity/google-workspace-provisioner/internal/server/scheduler.go:140.22,143.3 2 0
github.com/gobeyondidentity/google-workspace-provisioner/internal/server/scheduler.go:144.2,146.16 2 0
github.com/gobeyondidentity/google-workspace-provisioner/internal/server/scheduler.go:146.16,149.3 2 0
github.com/gobeyondidentity/google-workspace-provisioner/internal/server/scheduler.go:149.8,154.29 3 0
github.com/gobeyondidentity/google-workspace-provisioner/internal/server/scheduler.go:154.29,156.4 1 0
github.com/gobeyondidentity/google-workspace-provisioner/internal/server/server.go:64.76,71.16 2 0
github.com/gobeyondidentity/google-workspace-provisioner/internal/server/server.go:71.16,73.3 1 0
github.com/gobeyondidentity/google-workspace-provisioner/internal/server/server.go:76.2,86.32 5 0
github.com/gobeyondidentity/google-workspace-provisioner/internal/server/server.go:86.32,88.3 1 0
github.com/gobeyondidentity/google-workspace-provisioner/internal/server/server.go:91.2,115.20 6 0
github.com/gobeyondidentity/google-workspace-provisioner/internal/server/server.go:119.53,130.24 4 8
github.com/gobeyondidentity/google-workspace-provisioner/internal/server/server.go:130.24,134.3 3 0
github.com/gobeyondidentity/google-workspace-provisioner/internal/server/server.go:137.2,137.63 1 8
github.com/gobeyondidentity/google-workspace-provisioner/internal/server/server.go:141.32,145.24 2 0
github.com/gobeyondidentity/google-workspace-provisioner/internal/server/server.go:145.24,146.45 1 0
github.com/gobeyondidentity/google-workspace-provisioner/internal/server/server.go:146.45,148.4 1 0
github.com/gobeyondidentity/google-workspace-provisioner/internal/server/server.go:149.3,149.50 1 0
github.com/gobeyondidentity/google-workspace-provisioner/internal/server/server.go:153.2,153.12 1 0
github.com/gobeyondidentity/google-workspace-provisioner/internal/server/server.go:153.12,154.86 1 0
github.com/gobeyondidentity/google-workspace-provisioner/internal/server/server.go:154.86,156.4 1 0
github.com/gobeyondidentity/google-workspace-provisioner/internal/server/server.go:159.2,164.12 3 0
github.com/gobeyondidentity/google-workspace-provisioner/internal/server/server.go:168.36,176.24 5 0
github.com/gobeyondidentity/google-workspace-provisioner/internal/server/server.go:176.24,179.3 2 0
github.com/gobeyondidentity/google-workspace-provisioner/internal/server/server.go:182.2,185.51 3 0
github.com/gobeyondidentity/google-workspace-provisioner/internal/server/server.go:185.51,187.3 1 0
github.com/gobeyondidentity/google-workspace-provisioner/internal/server/server.go:187.8,189.3 1 0
github.com/gobeyondidentity/google-workspace-provisioner/internal/server/server.go:193.71,211.24 5 1
github.com/gobeyondidentity/google-workspace-provisioner/internal/server/server.go:211.24,212.61 1 0
github.com/gobeyondidentity/google-workspace-provisioner/internal/server/server.go:212.61,214.4 1 0
github.com/gobeyondidentity/google-workspace-provisioner/internal/server/server.go:215.3,215.61 1 0
github.com/gobeyondidentity/google-workspace-provisioner/internal/server/server.go:215.61,217.4 1 0
github.com/gobeyondidentity/google-workspace-provisioner/internal/server/server.go:220.2,221.60 2 1
github.com/gobeyondidentity/google-workspace-provisioner/internal/server/server.go:221.60,224.3 2 0
github.com/gobeyondidentity/google-workspace-provisioner/internal/server/server.go:228.69,239.16 6 2
github.com/gobeyondidentity/google-workspace-provisioner/internal/server/server.go:239.16,245.3 5 1
github.com/gobeyondidentity/google-workspace-provisioner/internal/server/server.go:245.8,262.3 5 1
github.com/gobeyondidentity/google-workspace-provisioner/internal/server/server.go:264.2,265.60 2 2
github.com/gobeyondidentity/google-workspace-provisioner/internal/server/server.go:265.60,268.3 2 0
github.com/gobeyondidentity/google-workspace-provisioner/internal/server/server.go:272.72,274.72 2 1
github.com/gobeyondidentity/google-workspace-provisioner/internal/server/server.go:274.72,277.3 2 0
github.com/gobeyondidentity/google-workspace-provisioner/internal/server/server.go:281.79,282.24 1 0
github.com/gobeyondidentity/google-workspace-provisioner/internal/server/server.go:282.24,285.3 2 0
github.com/gobeyondidentity/google-workspace-provisioner/internal/server/server.go:287.2,287.44 1 0
github.com/gobeyondidentity/google-workspace-provisioner/internal/server/server.go:287.44,290.3 2 0
github.com/gobeyondidentity/google-workspace-provisioner/internal/server/server.go:292.2,294.90 3 0
github.com/gobeyondidentity/google-workspace-provisioner/internal/server/server.go:294.90,296.3 1 0
github.com/gobeyondidentity/google-workspace-provisioner/internal/server/server.go:300.78,301.24 1 0
github.com/gobeyondidentity/google-workspace-provisioner/internal/server/server.go:301.24,304.3 2 0
github.com/gobeyondidentity/google-workspace-provisioner/internal/server/server.go:306.2,310.90 4 0
github.com/gobeyondidentity/google-workspace-provisioner/internal/server/server.go:310.90,312.3 1 0
github.com/gobeyondidentity/google-workspace-provisioner/internal/server/server.go:316.80,317.24 1 0
github.com/gobeyondidentity/google-workspace-provisioner/internal/server/server.go:317.24,320.3 2 0
github.com/gobeyondidentity/google-workspace-provisioner/internal/server/server.go:322.2,330.58 3 0
github.com/gobeyondidentity/google-workspace-provisioner/internal/server/server.go:330.58,333.3 2 0
github.com/gobeyondidentity/google-workspace-provisioner/internal/server/server.go:337.72,345.59 3 1
github.com/gobeyondidentity/google-workspace-provisioner/internal/server/server.go:345.59,348.3 2 0
github.com/gobeyondidentity/google-workspace-provisioner/internal/server/server.go:352.44,353.22 1 5
github.com/gobeyondidentity/google-workspace-provisioner/internal/server/server.go:353.22,355.3 1 3
github.com/gobeyondidentity/google-workspace-provisioner/internal/server/server.go:357.2,358.29 2 2
github.com/gobeyondidentity/google-workspace-provisioner/internal/server/server.go:358.29,360.3 1 3
github.com/gobeyondidentity/google-workspace-provisioner/internal/server/server.go:361.2,361.15 1 2
github.com/gobeyondidentity/google-workspace-provisioner/internal/setup/docs.go:10.52,11.53 1 0
github.com/gobeyondidentity/google-workspace-provisioner/internal/setup/docs.go:11.53,13.3 1 0
github.com/gobeyondidentity/google-workspace-provisioner/internal/setup/docs.go:16.2,16.81 1 0
github.com/gobeyondidentity/google-workspace-provisioner/internal/setup/docs.go:16.81,18.3 1 0
github.com/gobeyondidentity/google-workspace-provisioner/internal/setup/docs.go:21.2,21.77 1 0
github.com/gobeyondidentity/google-workspace-provisioner/internal/setup/docs.go:21.77,23.3 1 0
github.com/gobeyondidentity/google-workspace-provisioner/internal/setup/docs.go:26.2,26.101 1 0
github.com/gobeyondidentity/google-workspace-provisioner/internal/setup/docs.go:26.101,28.3 1 0
github.com/gobeyondidentity/google-workspace-provisioner/internal/setup/docs.go:30.2,31.12 2 0
github.com/gobeyondidentity/google-workspace-provisioner/internal/setup/docs.go:34.44,218.2 2 0
github.com/gobeyondidentity/google-workspace-provisioner/internal/setup/docs.go:220.42,420.2 2 0
github.com/gobeyondidentity/google-workspace-provisioner/internal/setup/docs.go:422.54,620.2 2 0
github.com/gobeyondidentity/google-workspace-provisioner/internal/setup/validator.go:40.50,48.2 3 9
github.com/gobeyondidentity/google-workspace-provisioner/internal/setup/validator.go:51.65,81.41 13 0
github.com/gobeyondidentity/google-workspace-provisioner/internal/setup/validator.go:81.41,82.30 1 0
github.com/gobeyondidentity/google-workspace-provisioner/internal/setup/validator.go:82.30,84.4 1 0
github.com/gobeyondidentity/google-workspace-provisioner/internal/setup/validator.go:84.9,86.4 1 0
github.com/gobeyondidentity/google-workspace-provisioner/internal/setup/validator.go:89.2,89.25 1 0
github.com/gobeyondidentity/google-workspace-provisioner/internal/setup/validator.go:89.25,91.3 1 0
github.com/gobeyondidentity/google-workspace-provisioner/internal/setup/validator.go:91.8,93.3 1 0
github.com/gobeyondidentity/google-workspace-provisioner/internal/setup/validator.go:96.2,98.21 2 0
github.com/gobeyondidentity/google-workspace-provisioner/internal/setup/validator.go:102.63,106.44 3 2
github.com/gobeyondidentity/google-workspace-provisioner/internal/setup/validator.go:106.44,115.3 2 1
github.com/gobeyondidentity/google-workspace-provisioner/internal/setup/validator.go:117.2,123.3 2 1
github.com/gobeyondidentity/google-workspace-provisioner/internal/setup/validator.go:127.61,134.44 4 3
github.com/gobeyondidentity/google-workspace-provisioner/internal/setup/validator.go:134.44,136.3 1 1
github.com/gobeyondidentity/google-workspace-provisioner/internal/setup/validator.go:139.2,139.91 1 3
github.com/gobeyondidentity/google-workspace-provisioner/internal/setup/validator.go:139.91,141.3 1 1
github.com/gobeyondidentity/google-workspace-provisioner/internal/setup/validator.go:143.2,143.21 1 3
github.com/gobeyondidentity/google-workspace-provisioner/internal/setup/validator.go:143.21,152.3 2 2
github.com/gobeyondidentity/google-workspace-provisioner/internal/setup/validator.go:154.2,160.3 2 1
github.com/gobeyondidentity/google-workspace-provisioner/internal/setup/validator.go:164.65,173.16 4 0
github.com/gobeyondidentity/google-workspace-provisioner/internal/setup/validator.go:173.16,182.3 2 0
github.com/gobeyondidentity/google-workspace-provisioner/internal/setup/validator.go:187.2,194.3 2 0
github.com/gobeyondidentity/google-workspace-provisioner/internal/setup/validator.go:198.64,205.20 4 0
github.com/gobeyondidentity/google-workspace-provisioner/internal/setup/validator.go:205.20,214.3 2 0
github.com/gobeyondidentity/google-workspace-provisioner/internal/setup/validator.go:217.2,219.16 3 0
github.com/gobeyondidentity/google-workspace-provisioner/internal/setup/validator.go:219.16,228.3 2 0
github.com/gobeyondidentity/google-workspace-provisioner/internal/setup/validator.go:230.2,234.16 4 0
github.com/gobeyondidentity/google-workspace-provisioner/internal/setup/validator.go:234.16,243.3 2 0
github.com/gobeyondidentity/google-workspace-provisioner/internal/setup/validator.go:244.2,246.28 2 0
github.com/gobeyondidentity/google-workspace-provisioner/internal/setup/validator.go:246.28,255.3 2 0
github.com/gobeyondidentity/google-workspace-provisioner/internal/setup/validator.go:257.2,257.28 1 0
github.com/gobeyondidentity/google-workspace-provisioner/internal/setup/validator.go:257.28,266.3 2 0
github.com/gobeyondidentity/google-workspace-provisioner/internal/setup/validator.go:268.2,275.3 2 0
github.com/gobeyondidentity/google-workspace-provisioner/internal/setup/validator.go:279.56,283.36 3 2
github.com/gobeyondidentity/google-workspace-provisioner/internal/setup/validator.go:283.36,291.3 2 1
github.com/gobeyondidentity/google-workspace-provisioner/internal/setup/validator.go:295.2,302.3 2 1
github.com/gobeyondidentity/google-workspace-provisioner/internal/setup/validator.go:306.85,308.2 1 1
github.com/gobeyondidentity/google-workspace-provisioner/internal/setup/validator.go:311.62,316.37 4 0
github.com/gobeyondidentity/google-workspace-provisioner/internal/setup/validator.go:316.37,318.3 1 0
github.com/gobeyondidentity/google-workspace-provisioner/internal/setup/validator.go:318.8,320.3 1 0
github.com/gobeyondidentity/google-workspace-provisioner/internal/setup/validator.go:322.2,326.24 3 0
github.com/gobeyondidentity/google-workspace-provisioner/internal/setup/validator.go:326.24,329.42 3 0
github.com/gobeyondidentity/google-workspace-provisioner/internal/setup/validator.go:329.42,330.31 1 0
github.com/gobeyondidentity/google-workspace-provisioner/internal/setup/validator.go:330.31,332.29 2 0
github.com/gobeyondidentity/google-workspace-provisioner/internal/setup/validator.go:332.29,334.6 1 0
github.com/gobeyondidentity/google-workspace-provisioner/internal/setup/validator.go:338.3,342.78 5 0
github.com/gobeyondidentity/google-workspace-provisioner/internal/setup/validator.go:343.8,350.3 6 0
github.com/gobeyondidentity/google-workspace-provisioner/internal/wizard/wizard.go:21.26,28.2 2 1
github.com/gobeyondidentity/google-workspace-provisioner/internal/wizard/wizard.go:31.30,37.41 4 0
github.com/gobeyondidentity/google-workspace-provisioner/internal/wizard/wizard.go:37.41,39.3 1 0
github.com/gobeyondidentity/google-workspace-provisioner/internal/wizard/wizard.go:42.2,42.53 1 0
github.com/gobeyondidentity/google-workspace-provisioner/internal/wizard/wizard.go:42.53,44.3 1 0
github.com/gobeyondidentity/google-workspace-provisioner/internal/wizard/wizard.go:47.2,47.52 1 0
github.com/gobeyondidentity/google-workspace-provisioner/internal/wizard/wizard.go:47.52,49.3 1 0
github.com/gobeyondidentity/google-workspace-provisioner/internal/wizard/wizard.go:52.2,52.42 1 0
github.com/gobeyondidentity/google-workspace-provisioner/internal/wizard/wizard.go:52.42,54.3 1 0
github.com/gobeyondidentity/google-workspace-provisioner/internal/wizard/wizard.go:57.2,57.44 1 0
github.com/gobeyondidentity/google-workspace-provisioner/internal/wizard/wizard.go:57.44,59.3 1 0
github.com/gobeyondidentity/google-workspace-provisioner/internal/wizard/wizard.go:62.2,64.105 3 0
github.com/gobeyondidentity/google-workspace-provisioner/internal/wizard/wizard.go:64.105,68.3 3 0
github.com/gobeyondidentity/google-workspace-provisioner/internal/wizard/wizard.go:71.2,71.30 1 0
github.com/gobeyondidentity/google-workspace-provisioner/internal/wizard/wizard.go:75.39,87.14 7 0
github.com/gobeyondidentity/google-workspace-provisioner/internal/wizard/wizard.go:87.14,89.3 1 0
github.com/gobeyondidentity/google-workspace-provisioner/internal/wizard/wizard.go:91.2,92.12 2 0
github.com/gobeyondidentity/google-workspace-provisioner/internal/wizard/wizard.go:96.51,117.30 12 0
github.com/gobeyondidentity/google-workspace-provisioner/internal/wizard/wizard.go:117.30,120.3 2 0
github.com/gobeyondidentity/google-workspace-provisioner/internal/wizard/wizard.go:123.2,123.52 1 0
github.com/gobeyondidentity/google-workspace-provisioner/internal/wizard/wizard.go:123.52,126.3 2 0
github.com/gobeyondidentity/google-workspace-provisioner/internal/wizard/wizard.go:126.8,128.3 1 0
github.com/gobeyondidentity/google-workspace-provisioner/internal/wizard/wizard.go:130.2,133.12 3 0
github.com/gobeyondidentity/google-workspace-provisioner/internal/wizard/wizard.go:137.50,150.17 9 0
github.com/gobeyondidentity/google-workspace-provisioner/internal/wizard/wizard.go:150.17,153.3 2 0
github.com/gobeyondidentity/google-workspace-provisioner/internal/wizard/wizard.go:153.8,155.3 1 0
github.com/gobeyondidentity/google-workspace-provisioner/internal/wizard/wizard.go:158.2,170.12 8 0
github.com/gobeyondidentity/google-workspace-provisioner/internal/wizard/wizard.go:174.40,184.6 7 0
github.com/gobeyondidentity/google-workspace-provisioner/internal/wizard/wizard.go:184.6,186.18 2 0
github.com/gobeyondidentity/google-workspace-provisioner/internal/wizard/wizard.go:186.18,187.9 1 0
github.com/gobeyondidentity/google-workspace-provisioner/internal/wizard/wizard.go:191.3,191.36 1 0
github.com/gobeyondidentity/google-workspace-provisioner/internal/wizard/wizard.go:191.36,193.12 2 0
github.com/gobeyondidentity/google-workspace-provisioner/internal/wizard/wizard.go:196.3,197.39 2 0
github.com/gobeyondidentity/google-workspace-provisioner/internal/wizard/wizard.go:200.2,200.22 1 0
github.com/gobeyondidentity/google-workspace-provisioner/internal/wizard/wizard.go:200.22,204.3 2 0
github.com/gobeyondidentity/google-workspace-provisioner/internal/wizard/wizard.go:206.2,216.12 7 0
github.com/gobeyondidentity/google-workspace-provisioner/internal/wizard/wizard.go:220.42,232.22 7 0
github.com/gobeyondidentity/google-workspace-provisioner/internal/wizard/wizard.go:232.22,244.3 9 0
github.com/gobeyondidentity/google-workspace-provisioner/internal/wizard/wizard.go:244.8,247.3 2 0
github.com/gobeyondidentity/google-workspace-provisioner/internal/wizard/wizard.go:249.2,250.12 2 0
github.com/gobeyondidentity/google-workspace-provisioner/internal/wizard/wizard.go:254.44,264.47 6 0
github.com/gobeyondidentity/google-workspace-provisioner/internal/wizard/wizard.go:264.47,266.3 1 0
github.com/gobeyondidentity/google-workspace-provisioner/internal/wizard/wizard.go:269.2,269.47 1 0
github.com/gobeyondidentity/google-workspace-provisioner/internal/wizard/wizard.go:269.47,271.17 2 0
github.com/gobeyondidentity/google-workspace-provisioner/internal/wizard/wizard.go:271.17,274.4 2 0
github.com/gobeyondidentity/google-workspace-provisioner/internal/wizard/wizard.go:278.2,278.58 1 0
github.com/gobeyondidentity/google-workspace-provisioner/internal/wizard/wizard.go:278.58,280.3 1 0
github.com/gobeyondidentity/google-workspace-provisioner/internal/wizard/wizard.go:282.2,288.12 4 0
github.com/gobeyondidentity/google-workspace-provisioner/internal/wizard/wizard.go:292.51,298.44 4 0
github.com/gobeyondidentity/google-workspace-provisioner/internal/wizard/wizard.go:298.44,303.3 4 0
github.com/gobeyondidentity/google-workspace-provisioner/internal/wizard/wizard.go:305.2,316.27 11 0
github.com/gobeyondidentity/google-workspace-provisioner/internal/wizard/wizard.go:316.27,319.3 2 0
github.com/gobeyondidentity/google-workspace-provisioner/internal/wizard/wizard.go:324.49,327.16 3 24
github.com/gobeyondidentity/google-workspace-provisioner/internal/wizard/wizard.go:327.16,330.3 2 0
github.com/gobeyondidentity/google-workspace-provisioner/internal/wizard/wizard.go:331.2,331.33 1 24
github.com/gobeyondidentity/google-workspace-provisioner/internal/wizard/wizard.go:334.57,335.6 1 3
github.com/gobeyondidentity/google-workspace-provisioner/internal/wizard/wizard.go:335.6,337.18 2 7
github.com/gobeyondidentity/google-workspace-provisioner/internal/wizard/wizard.go:337.18,339.4 1 3
github.com/gobeyondidentity/google-workspace-provisioner/internal/wizard/wizard.go:340.3,340.48 1 4
github.com/gobeyondidentity/google-workspace-provisioner/internal/wizard/wizard.go:344.74,346.17 2 2
github.com/gobeyondidentity/google-workspace-provisioner/internal/wizard/wizard.go:346.17,348.3 1 1
github.com/gobeyondidentity/google-workspace-provisioner/internal/wizard/wizard.go:349.2,349.14 1 1
github.com/gobeyondidentity/google-workspace-provisioner/internal/wizard/wizard.go:352.71,354.18 2 6
github.com/gobeyondidentity/google-workspace-provisioner/internal/wizard/wizard.go:354.18,356.3 1 3
github.com/gobeyondidentity/google-workspace-provisioner/internal/wizard/wizard.go:358.2,358.6 1 6
github.com/gobeyondidentity/google-workspace-provisioner/internal/wizard/wizard.go:358.6,360.21 2 7
github.com/gobeyondidentity/google-workspace-provisioner/internal/wizard/wizard.go:360.21,362.4 1 1
github.com/gobeyondidentity/google-workspace-provisioner/internal/wizard/wizard.go:364.3,365.43 2 6
github.com/gobeyondidentity/google-workspace-provisioner/internal/wizard/wizard.go:365.43,367.4 1 3
github.com/gobeyondidentity/google-workspace-provisioner/internal/wizard/wizard.go:368.3,368.42 1 3
github.com/gobeyondidentity/google-workspace-provisioner/internal/wizard/wizard.go:368.42,370.4 1 2
github.com/gobeyondidentity/google-workspace-provisioner/internal/wizard/wizard.go:372.3,372.49 1 1
github.com/gobeyondidentity/google-workspace-provisioner/internal/wizard/wizard.go:376.78,377.6 1 4
github.com/gobeyondidentity/google-workspace-provisioner/internal/wizard/wizard.go:377.6,379.21 2 5
github.com/gobeyondidentity/google-workspace-provisioner/internal/wizard/wizard.go:379.21,381.4 1 1
github.com/gobeyondidentity/google-workspace-provisioner/internal/wizard/wizard.go:383.3,383.55 1 4
github.com/gobeyondidentity/google-workspace-provisioner/internal/wizard/wizard.go:383.55,385.4 1 3
github.com/gobeyondidentity/google-workspace-provisioner/internal/wizard/wizard.go:387.3,387.53 1 1
github.com/gobeyondidentity/google-workspace-provisioner/internal/wizard/wizard.go:391.57,402.16 9 0
github.com/gobeyondidentity/google-workspace-provisioner/internal/wizard/wizard.go:403.11,404.31 1 0
github.com/gobeyondidentity/google-workspace-provisioner/internal/wizard/wizard.go:405.11,407.12 2 0
github.com/gobeyondidentity/google-workspace-provisioner/internal/wizard/wizard.go:408.10,409.33 1 0
github.com/gobeyondidentity/google-workspace-provisioner/internal/wizard/wizard.go:413.45,416.58 2 0
github.com/gobeyondidentity/google-workspace-provisioner/internal/wizard/wizard.go:416.58,423.17 4 0
github.com/gobeyondidentity/google-workspace-provisioner/internal/wizard/wizard.go:423.17,425.25 2 0
github.com/gobeyondidentity/google-workspace-provisioner/internal/wizard/wizard.go:425.25,428.5 2 0
github.com/gobeyondidentity/google-workspace-provisioner/internal/wizard/wizard.go:429.4,429.12 1 0
github.com/gobeyondidentity/google-workspace-provisioner/internal/wizard/wizard.go:432.3,433.18 2 0
github.com/gobeyondidentity/google-workspace-provisioner/internal/wizard/wizard.go:433.18,435.12 2 0
github.com/gobeyondidentity/google-workspace-provisioner/internal/wizard/wizard.go:438.3,438.29 1 0
github.com/gobeyondidentity/google-workspace-provisioner/internal/wizard/wizard.go:438.29,440.4 1 0
github.com/gobeyondidentity/google-workspace-provisioner/internal/wizard/wizard.go:443.3,443.27 1 0
github.com/gobeyondidentity/google-workspace-provisioner/internal/wizard/wizard.go:447.2,448.11 2 0
github.com/gobeyondidentity/google-workspace-provisioner/internal/wizard/wizard.go:451.47,454.53 2 0
github.com/gobeyondidentity/google-workspace-provisioner/internal/wizard/wizard.go:454.53,455.83 1 0
github.com/gobeyondidentity/google-workspace-provisioner/internal/wizard/wizard.go:455.83,457.4 1 0
github.com/gobeyondidentity/google-workspace-provisioner/internal/wizard/wizard.go:460.2,463.16 3 0
github.com/gobeyondidentity/google-workspace-provisioner/internal/wizard/wizard.go:463.16,466.3 2 0
github.com/gobeyondidentity/google-workspace-provisioner/internal/wizard/wizard.go:468.2,469.17 2 0
github.com/gobeyondidentity/google-workspace-provisioner/internal/wizard/wizard.go:469.17,472.3 2 0
github.com/gobeyondidentity/google-workspace-provisioner/internal/wizard/wizard.go:474.2,474.28 1 0
github.com/gobeyondidentity/google-workspace-provisioner/internal/wizard/wizard.go:474.28,477.3 2 0
github.com/gobeyondidentity/google-workspace-provisioner/internal/wizard/wizard.go:479.2,479.11 1 0
github.com/gobeyondidentity/google-workspace-provisioner/internal/wizard/wizard.go:482.79,484.16 2 3
github.com/gobeyondidentity/google-workspace-provisioner/internal/wizard/wizard.go:484.16,487.3 2 0
github.com/gobeyondidentity/google-workspace-provisioner/internal/wizard/wizard.go:490.2,491.29 2 3
github.com/gobeyondidentity/google-workspace-provisioner/internal/wizard/wizard.go:491.29,493.58 2 6
github.com/gobeyondidentity/google-workspace-provisioner/internal/wizard/wizard.go:493.58,497.32 3 2
github.com/gobeyondidentity/google-workspace-provisioner/internal/wizard/wizard.go:497.32,499.31 2 2
github.com/gobeyondidentity/google-workspace-provisioner/internal/wizard/wizard.go:499.31,502.6 2 1
github.com/gobeyondidentity/google-workspace-provisioner/internal/wizard/wizard.go:507.2,508.11 2 2
github.com/gobeyondidentity/google-workspace-provisioner/internal/wizard/wizard.go:511.51,514.21 2 7
github.com/gobeyondidentity/google-workspace-provisioner/internal/wizard/wizard.go:514.21,518.3 3 4
github.com/gobeyondidentity/google-workspace-provisioner/internal/wizard/wizard.go:521.2,521.22 1 3
github.com/gobeyondidentity/google-workspace-provisioner/internal/wizard/wizard.go:521.22,524.3 2 1
github.com/gobeyondidentity/google-workspace-provisioner/internal/wizard/wizard.go:526.2,526.13 1 2
github.com/gobeyondidentity/google-workspace-provisioner/internal/sync/engine.go:34.107,41.2 1 5
github.com/gobeyondidentity/google-workspace-provisioner/internal/sync/engine.go:44.46,49.50 3 4
github.com/gobeyondidentity/google-workspace-provisioner/internal/sync/engine.go:49.50,52.57 2 4
github.com/gobeyondidentity/google-workspace-provisioner/internal/sync/engine.go:52.57,55.12 3 0
github.com/gobeyondidentity/google-workspace-provisioner/internal/sync/engine.go:58.3,58.27 1 4
github.com/gobeyondidentity/google-workspace-provisioner/internal/sync/engine.go:61.2,65.20 2 4
github.com/gobeyondidentity/google-workspace-provisioner/internal/sync/engine.go:69.73,72.16 2 4
github.com/gobeyondidentity/google-workspace-provisioner/internal/sync/engine.go:72.16,74.3 1 0
github.com/gobeyondidentity/google-workspace-provisioner/internal/sync/engine.go:77.2,78.16 2 4
github.com/gobeyondidentity/google-workspace-provisioner/internal/sync/engine.go:78.16,80.3 1 0
github.com/gobeyondidentity/google-workspace-provisioner/internal/sync/engine.go:82.2,87.16 4 4
github.com/gobeyondidentity/google-workspace-provisioner/internal/sync/engine.go:87.16,89.3 1 0
github.com/gobeyondidentity/google-workspace-provisioner/internal/sync/engine.go:92.2,93.16 2 4
github.com/gobeyondidentity/google-workspace-provisioner/internal/sync/engine.go:93.16,95.3 1 0
github.com/gobeyondidentity/google-workspace-provisioner/internal/sync/engine.go:98.2,98.77 1 4
github.com/gobeyondidentity/google-workspace-provisioner/internal/sync/engine.go:98.77,100.3 1 0
github.com/gobeyondidentity/google-workspace-provisioner/internal/sync/engine.go:102.2,102.12 1 4
github.com/gobeyondidentity/google-workspace-provisioner/internal/sync/engine.go:106.102,109.16 2 4
github.com/gobeyondidentity/google-workspace-provisioner/internal/sync/engine.go:109.16,111.3 1 0
github.com/gobeyondidentity/google-workspace-provisioner/internal/sync/engine.go:113.2,113.26 1 4
github.com/gobeyondidentity/google-workspace-provisioner/internal/sync/engine.go:113.26,116.3 2 1
github.com/gobeyondidentity/google-workspace-provisioner/internal/sync/engine.go:119.2,119.27 1 3
github.com/gobeyondidentity/google-workspace-provisioner/internal/sync/engine.go:119.27,126.3 2 1
github.com/gobeyondidentity/google-workspace-provisioner/internal/sync/engine.go:128.2,133.23 3 2
github.com/gobeyondidentity/google-workspace-provisioner/internal/sync/engine.go:133.23,137.3 1 2
github.com/gobeyondidentity/google-workspace-provisioner/internal/sync/engine.go:139.2,140.16 2 2
github.com/gobeyondidentity/google-workspace-provisioner/internal/sync/engine.go:140.16,142.3 1 0
github.com/gobeyondidentity/google-workspace-provisioner/internal/sync/engine.go:144.2,147.26 3 2
github.com/gobeyondidentity/google-workspace-provisioner/internal/sync/engine.go:151.97,154.36 2 4
github.com/gobeyondidentity/google-workspace-provisioner/internal/sync/engine.go:154.36,156.28 1 7
github.com/gobeyondidentity/google-workspace-provisioner/internal/sync/engine.go:156.28,158.12 2 1
github.com/gobeyondidentity/google-workspace-provisioner/internal/sync/engine.go:162.3,162.35 1 6
github.com/gobeyondidentity/google-workspace-provisioner/internal/sync/engine.go:162.35,164.12 2 1
github.com/gobeyondidentity/google-workspace-provisioner/internal/sync/engine.go:167.3,168.17 2 5
github.com/gobeyondidentity/google-workspace-provisioner/internal/sync/engine.go:168.17,171.12 3 0
github.com/gobeyondidentity/google-workspace-provisioner/internal/sync/engine.go:174.3,174.19 1 5
github.com/gobeyondidentity/google-workspace-provisioner/internal/sync/engine.go:174.19,176.4 1 5
github.com/gobeyondidentity/google-workspace-provisioner/internal/sync/engine.go:179.2,179.21 1 4
github.com/gobeyondidentity/google-workspace-provisioner/internal/sync/engine.go:183.81,186.16 2 5
github.com/gobeyondidentity/google-workspace-provisioner/internal/sync/engine.go:186.16,188.3 1 0
github.com/gobeyondidentity/google-workspace-provisioner/internal/sync/engine.go:190.2,190.25 1 5
github.com/gobeyondidentity/google-workspace-provisioner/internal/sync/engine.go:190.25,194.3 2 1
github.com/gobeyondidentity/google-workspace-provisioner/internal/sync/engine.go:197.2,197.27 1 4
github.com/gobeyondidentity/google-workspace-provisioner/internal/sync/engine.go:197.27,200.3 2 1
github.com/gobeyondidentity/google-workspace-provisioner/internal/sync/engine.go:202.2,221.16 5 3
github.com/gobeyondidentity/google-workspace-provisioner/internal/sync/engine.go:221.16,223.3 1 0
github.com/gobeyondidentity/google-workspace-provisioner/internal/sync/engine.go:225.2,228.28 3 3
github.com/gobeyondidentity/google-workspace-provisioner/internal/sync/engine.go:232.100,233.27 1 4
github.com/gobeyondidentity/google-workspace-provisioner/internal/sync/engine.go:233.27,236.3 2 1
github.com/gobeyondidentity/google-workspace-provisioner/internal/sync/engine.go:239.2,240.33 2 3
github.com/gobeyondidentity/google-workspace-provisioner/internal/sync/engine.go:240.33,244.3 1 4
github.com/gobeyondidentity/google-workspace-provisioner/internal/sync/engine.go:248.2,253.16 3 3
github.com/gobeyondidentity/google-workspace-provisioner/internal/sync/engine.go:253.16,255.3 1 0
github.com/gobeyondidentity/google-workspace-provisioner/internal/sync/engine.go:257.2,260.12 3 3
github.com/gobeyondidentity/google-workspace-provisioner/internal/sync/engine.go:264.46,266.21 2 11
github.com/gobeyondidentity/google-workspace-provisioner/internal/sync/engine.go:266.21,268.3 1 0
github.com/gobeyondidentity/google-workspace-provisioner/internal/sync/engine.go:270.2,280.29 6 11
github.com/gobeyondidentity/google-workspace-provisioner/internal/sync/engine.go:280.29,281.20 1 18
github.com/gobeyondidentity/google-workspace-provisioner/internal/sync/engine.go:281.20,283.4 1 18
github.com/gobeyondidentity/google-workspace-provisioner/internal/sync/engine.go:286.2,287.18 2 11
github.com/gobeyondidentity/google-workspace-provisioner/internal/sync/engine.go:287.18,289.3 1 1
github.com/gobeyondidentity/google-workspace-provisioner/internal/sync/engine.go:291.2,291.15 1 10
github.com/gobeyondidentity/google-workspace-provisioner/internal/sync/engine.go:295.107,298.54 2 3
github.com/gobeyondidentity/google-workspace-provisioner/internal/sync/engine.go:298.54,299.37 1 5
github.com/gobeyondidentity/google-workspace-provisioner/internal/sync/engine.go:299.37,302.30 2 3
github.com/gobeyondidentity/google-workspace-provisioner/internal/sync/engine.go:302.30,303.10 1 1
github.com/gobeyondidentity/google-workspace-provisioner/internal/sync/engine.go:306.4,310.12 4 2
github.com/gobeyondidentity/google-workspace-provisioner/internal/sync/engine.go:313.3,313.13 1 2
github.com/gobeyondidentity/google-workspace-provisioner/internal/sync/engine.go:316.2,316.83 1 1
